<?xml version="1.0" encoding="UTF-8"?>
<testng-results ignored="0" total="1" passed="1" failed="0" skipped="0">
  <reporter-output>
  </reporter-output>
  <suite started-at="2024-12-05T10:39:24 IST" name="Default suite" finished-at="2024-12-05T10:39:24 IST" duration-ms="41">
    <groups>
    </groups>
    <test started-at="2024-12-05T10:39:24 IST" name="Default test" finished-at="2024-12-05T10:39:24 IST" duration-ms="41">
      <class name="Class1">
        <test-method signature="class1Method()[pri:0, instance:Class1@3b6d844d]" started-at="2024-12-05T10:39:24 IST" name="class1Method" finished-at="2024-12-05T10:39:24 IST" duration-ms="6" status="PASS">
          <reporter-output>
          </reporter-output>
        </test-method> <!-- class1Method -->
      </class> <!-- Class1 -->
    </test> <!-- Default test -->
  </suite> <!-- Default suite -->
</testng-results>
