<?xml version="1.0" encoding="UTF-8"?>
<testng-results ignored="0" total="1" passed="1" failed="0" skipped="0">
  <reporter-output>
  </reporter-output>
  <suite started-at="2024-12-05T12:36:44 IST" name="Default suite" finished-at="2024-12-05T12:36:44 IST" duration-ms="45">
    <groups>
    </groups>
    <test started-at="2024-12-05T12:36:44 IST" name="Default test" finished-at="2024-12-05T12:36:44 IST" duration-ms="45">
      <class name="TestCases.Class4">
        <test-method signature="class1Method()[pri:0, instance:TestCases.Class4@3bcd05cb]" started-at="2024-12-05T12:36:44 IST" name="class1Method" finished-at="2024-12-05T12:36:44 IST" duration-ms="9" status="PASS">
          <reporter-output>
          </reporter-output>
        </test-method> <!-- class1Method -->
      </class> <!-- TestCases.Class4 -->
    </test> <!-- Default test -->
  </suite> <!-- Default suite -->
</testng-results>
